Gene	Rho	P_val
ABCB1	-6.703e-02	2.225e-01
ABCC3	2.011e-02	7.146e-01
ABL1	1.056e-01	5.419e-02
ABL2	8.500e-02	1.216e-01
ACTA2	-1.353e-01	1.345e-02
ACVR1B	-9.164e-02	9.502e-02
ADGRA2	-1.011e-01	6.543e-02
AJUBA	-8.673e-02	1.142e-01
AKT1	-1.289e-01	1.860e-02
AKT2	1.409e-02	7.978e-01
AKT3	7.187e-02	1.908e-01
ALK	-1.734e-02	7.525e-01
ALOX12B	4.425e-02	4.209e-01
AMER1	-1.378e-01	1.185e-02
ANKRD11	-3.924e-03	9.431e-01
APC	4.133e-02	4.523e-01
APOB	1.645e-01	2.603e-03
AR	2.482e-01	4.543e-06
ARAF	1.400e-01	1.055e-02
ARFRP1	-2.392e-01	1.024e-05
ARHGAP26	7.021e-02	2.013e-01
ARHGAP35	-7.848e-02	1.530e-01
ARID1A	1.725e-02	7.538e-01
ARID1B	3.444e-02	5.311e-01
ARID2	-9.386e-02	8.723e-02
ARID5B	7.621e-02	1.653e-01
ASNS	5.070e-02	3.564e-01
ASXL1	1.493e-01	6.356e-03
ASXL2	-1.300e-02	8.132e-01
ATIC	-9.521e-02	8.278e-02
ATM	-1.217e-02	8.249e-01
ATP7B	4.093e-02	4.566e-01
ATR	2.430e-01	7.261e-06
ATRX	-1.679e-01	2.116e-03
AURKA	-2.526e-01	3.026e-06
AURKB	7.656e-03	8.893e-01
AXIN1	4.861e-03	9.296e-01
AXIN2	-1.371e-01	1.227e-02
AXL	-1.479e-02	7.880e-01
B2M	1.021e-01	6.284e-02
BAP1	-4.138e-03	9.400e-01
BARD1	1.178e-01	3.166e-02
BCAR1	1.398e-02	7.994e-01
BCL10	-9.564e-02	8.140e-02
BCL11B	-7.879e-03	8.861e-01
BCL2	1.477e-01	6.923e-03
BCL2L1	-2.283e-01	2.598e-05
BCL2L11	1.120e-01	4.106e-02
BCL2L12	9.577e-02	8.096e-02
BCL2L2	-8.676e-02	1.141e-01
BCL6	4.241e-02	4.405e-01
BCL7A	9.726e-02	7.635e-02
BCLAF1	3.486e-02	5.261e-01
BCOR	-2.330e-02	6.718e-01
BCORL1	5.044e-02	3.588e-01
BCR	-2.637e-02	6.315e-01
BIRC3	-1.303e-01	1.735e-02
BLM	6.355e-02	2.475e-01
BMPR1A	-1.847e-01	7.070e-04
BRAF	1.642e-03	9.762e-01
BRCA1	1.476e-01	6.957e-03
BRCA2	-6.652e-02	2.260e-01
BRD4	-7.115e-02	1.953e-01
BRIP1	-1.016e-01	6.410e-02
BTG1	-1.819e-02	7.408e-01
BTK	-4.789e-02	3.837e-01
BUB1B	-2.318e-01	1.938e-05
C11orf65	-1.698e-02	7.575e-01
C3orf70	-9.244e-02	9.216e-02
C8orf34	7.160e-03	8.964e-01
CADM2	-1.429e-01	9.034e-03
CALR	1.623e-01	2.979e-03
CARD11	1.646e-01	2.586e-03
CASP8	2.039e-01	1.791e-04
CASR	1.397e-01	1.072e-02
CBFB	4.252e-02	4.394e-01
CBL	-1.086e-01	4.763e-02
CBLB	1.126e-02	8.377e-01
CBLC	1.357e-01	1.322e-02
CBR3	3.561e-02	5.173e-01
CCDC6	-5.865e-02	2.859e-01
CCND1	-2.862e-02	6.028e-01
CCND2	-1.648e-01	2.548e-03
CCND3	-2.725e-01	4.405e-07
CCNE1	-1.803e-01	9.518e-04
CCNE2	-5.549e-02	3.127e-01
CD19	1.769e-01	1.188e-03
CD22	-4.659e-02	3.967e-01
CD274	-6.631e-02	2.275e-01
CD276	-7.365e-03	8.935e-01
CD40	1.963e-01	3.139e-04
CD70	1.472e-01	7.142e-03
CD79A	-6.946e-02	2.061e-01
CD79B	8.426e-02	1.249e-01
CDC25A	1.207e-01	2.766e-02
CDC73	1.636e-01	2.748e-03
CDH1	-1.318e-01	1.607e-02
CDH2	-8.853e-02	1.068e-01
CDK12	-9.825e-03	8.582e-01
CDK4	-4.771e-02	3.855e-01
CDK5	-3.023e-02	5.825e-01
CDK6	3.121e-02	5.704e-01
CDK8	1.184e-01	3.071e-02
CDKN1A	1.515e-02	7.829e-01
CDKN1B	-1.337e-01	1.463e-02
CDKN1C	-1.580e-01	3.836e-03
CDKN2A	-2.595e-01	1.583e-06
CDKN2B	2.317e-01	1.958e-05
CDKN2C	1.102e-01	4.441e-02
CEBPA	1.894e-03	9.725e-01
CEP57	-9.993e-02	6.856e-02
CFTR	-1.403e-01	1.039e-02
CHD2	-4.641e-02	3.986e-01
CHD4	1.700e-01	1.849e-03
CHEK1	1.169e-01	3.301e-02
CHEK2	-3.950e-02	4.726e-01
CIC	1.307e-02	8.121e-01
CIITA	-1.879e-02	7.326e-01
CKS1B	1.479e-01	6.856e-03
CREBBP	-7.254e-02	1.867e-01
CRKL	-6.687e-02	2.236e-01
CRLF2	1.766e-01	1.211e-03
CSF1R	-6.131e-02	2.646e-01
CSF3R	-8.628e-02	1.161e-01
CTC1	1.152e-01	3.554e-02
CTCF	1.365e-02	8.040e-01
CTLA4	-1.572e-01	4.041e-03
CTNNA1	-1.766e-01	1.212e-03
CTNNB1	-7.307e-02	1.835e-01
CTRC	-1.911e-01	4.543e-04
CUL3	-1.518e-01	5.502e-03
CUX1	-3.822e-02	4.870e-01
CXCR4	2.010e-02	7.147e-01
CYLD	1.691e-01	1.953e-03
CYP1B1	5.178e-02	3.462e-01
CYP2D6	-5.284e-04	9.923e-01
CYP3A5	-2.789e-02	6.120e-01
DAXX	-5.841e-02	2.879e-01
DDB2	-1.402e-01	1.043e-02
DDR2	-1.209e-01	2.734e-02
DDX3X	4.790e-02	3.836e-01
DICER1	1.872e-01	5.940e-04
DIS3	-2.332e-01	1.714e-05
DIS3L2	-9.955e-02	6.964e-02
DKC1	-8.325e-02	1.295e-01
DMD	-1.018e-01	6.352e-02
DNM2	6.487e-02	2.378e-01
DNMT1	-1.966e-01	3.076e-04
DNMT3A	-1.342e-01	1.424e-02
DNMT3B	-2.034e-01	1.868e-04
DOT1L	-9.100e-02	9.734e-02
DPYD	-2.341e-02	6.704e-01
DYNC2H1	3.203e-02	5.603e-01
E2F1	1.955e-01	3.311e-04
E2F2	8.991e-02	1.014e-01
E2F3	5.046e-02	3.587e-01
E2F4	3.774e-02	4.925e-01
E2F5	4.117e-02	4.540e-01
E2F6	-7.628e-02	1.649e-01
EBF1	4.887e-02	3.740e-01
ECT2L	-2.332e-02	6.715e-01
EED	-6.790e-02	2.165e-01
EGF	-3.497e-02	5.248e-01
EGFL7	-8.063e-02	1.421e-01
EGFR	-1.240e-01	2.364e-02
EGLN1	-9.031e-02	9.993e-02
ELF3	-1.506e-01	5.885e-03
ELOC	-5.635e-03	9.184e-01
EMSY	9.655e-02	7.851e-02
ENG	-6.647e-02	2.264e-01
EP300	1.264e-02	8.182e-01
EPCAM	2.325e-01	1.829e-05
EPHA2	-1.369e-01	1.242e-02
EPHA3	9.278e-02	9.096e-02
EPHA5	1.832e-01	7.830e-04
EPHA7	-7.398e-02	1.780e-01
EPHB1	1.389e-01	1.117e-02
EPHB2	1.770e-01	1.181e-03
EPOR	-5.962e-02	2.780e-01
ERBB2	-5.377e-02	3.279e-01
ERBB3	5.181e-03	9.250e-01
ERBB4	-2.850e-02	6.043e-01
ERCC1	1.005e-01	6.703e-02
ERCC2	-3.693e-03	9.465e-01
ERCC3	7.714e-04	9.888e-01
ERCC4	7.408e-02	1.774e-01
ERCC5	1.125e-01	4.022e-02
ERCC6	3.261e-02	5.531e-01
ERG	-1.441e-01	8.434e-03
ERRFI1	-1.345e-01	1.405e-02
ESR1	-8.393e-02	1.264e-01
ESR2	-1.304e-01	1.726e-02
ETS1	-7.539e-02	1.699e-01
ETS2	5.503e-02	3.167e-01
ETV1	9.329e-02	8.918e-02
ETV4	1.625e-01	2.945e-03
ETV5	-5.453e-02	3.212e-01
ETV6	-1.330e-01	1.514e-02
EWSR1	-1.934e-01	3.857e-04
EXT2	-1.012e-02	8.540e-01
EZH2	3.812e-02	4.881e-01
FAM46C	-4.345e-02	4.294e-01
FANCA	-2.506e-02	6.486e-01
FANCB	4.268e-02	4.375e-01
FANCC	1.345e-01	1.401e-02
FANCD2	-4.479e-03	9.351e-01
FANCE	-3.334e-02	5.444e-01
FANCF	-6.599e-02	2.297e-01
FANCG	-3.147e-02	5.672e-01
FANCI	2.956e-03	9.571e-01
FANCL	-1.170e-01	3.281e-02
FANCM	9.359e-02	8.817e-02
FAS	-5.853e-02	2.869e-01
FAT1	-3.801e-02	4.894e-01
FBXO11	6.169e-02	2.617e-01
FBXW7	-4.514e-02	4.116e-01
FCGR2A	1.100e-01	4.490e-02
FCGR3A	-1.201e-01	2.840e-02
FDPS	5.923e-02	2.811e-01
FGF1	1.640e-01	2.679e-03
FGF10	2.352e-01	1.442e-05
FGF14	2.252e-01	3.365e-05
FGF19	-3.586e-02	5.143e-01
FGF2	-8.882e-02	1.057e-01
FGF23	-1.691e-01	1.962e-03
FGF3	2.723e-02	6.205e-01
FGF4	2.736e-02	6.188e-01
FGF5	-2.471e-02	6.533e-01
FGF6	-1.792e-01	1.024e-03
FGF7	2.512e-02	6.478e-01
FGF8	1.549e-02	7.783e-01
FGF9	2.772e-02	6.142e-01
FGFR1	-9.490e-04	9.862e-01
FGFR2	2.400e-03	9.652e-01
FGFR3	-4.346e-02	4.293e-01
FGFR4	-1.244e-02	8.210e-01
FH	-8.693e-02	1.133e-01
FHIT	-1.820e-01	8.456e-04
FLCN	3.010e-03	9.564e-01
FLG	-2.342e-01	1.579e-05
FLT1	1.206e-01	2.772e-02
FLT3	2.283e-02	6.781e-01
FLT4	-7.136e-02	1.940e-01
FNTB	-9.731e-02	7.619e-02
FOXA1	1.595e-01	3.517e-03
FOXL2	-1.476e-01	6.960e-03
FOXO1	7.891e-02	1.508e-01
FOXO3	8.700e-02	1.130e-01
FOXP1	-1.219e-03	9.823e-01
FOXQ1	2.562e-02	6.414e-01
FRS2	3.113e-02	5.714e-01
FUBP1	1.426e-01	9.178e-03
FUS	-1.694e-01	1.923e-03
FYN	-4.685e-03	9.321e-01
G6PD	-2.120e-02	6.999e-01
GABRA6	-4.424e-02	4.210e-01
GALNT12	-7.515e-03	8.913e-01
GATA1	-7.915e-02	1.495e-01
GATA2	4.186e-03	9.393e-01
GATA3	-1.103e-01	4.422e-02
GATA4	8.822e-02	1.081e-01
GATA6	1.189e-01	3.009e-02
GEN1	1.586e-01	3.710e-03
GID4	4.708e-02	3.918e-01
GLI1	-6.503e-02	2.366e-01
GLI2	-2.896e-02	5.985e-01
GLI3	-6.595e-02	2.301e-01
GNA11	1.926e-01	4.091e-04
GNA13	1.854e-01	6.735e-04
GNAQ	-9.983e-02	6.884e-02
GNAS	-1.843e-01	7.253e-04
GPC3	-7.874e-02	1.517e-01
GPER1	1.786e-01	1.061e-03
GPS2	-4.758e-02	3.867e-01
GREM1	3.078e-02	5.757e-01
GRIN2A	9.545e-02	8.199e-02
GRM3	-8.765e-02	1.104e-01
GSK3B	-1.244e-01	2.314e-02
GSTP1	5.055e-03	9.268e-01
H3F3A	-1.807e-02	7.424e-01
H3F3C	1.981e-02	7.187e-01
HAS3	7.924e-02	1.490e-01
HAVCR2	-8.212e-02	1.348e-01
HDAC1	-3.141e-02	5.678e-01
HDAC2	1.124e-01	4.039e-02
HDAC3	-1.191e-01	2.982e-02
HDAC4	-1.427e-02	7.954e-01
HDAC5	-9.341e-03	8.652e-01
HGF	4.314e-02	4.326e-01
HIF1A	8.936e-02	1.036e-01
HIST1H1C	6.643e-02	2.267e-01
HIST1H1E	-1.094e-01	4.615e-02
HIST1H2BD	4.244e-02	4.402e-01
HIST1H3F	-4.789e-02	3.837e-01
HIST1H4E	-2.561e-03	9.629e-01
HIST3H3	-6.834e-02	2.135e-01
HLA-A	2.458e-03	9.644e-01
HLA-B	-8.232e-02	1.338e-01
HLA-C	2.939e-02	5.930e-01
HLA-DMA	-5.659e-02	3.032e-01
HLA-DMB	8.116e-02	1.394e-01
HLA-DOA	1.298e-01	1.781e-02
HLA-DOB	-1.298e-01	1.781e-02
HLA-DPA1	2.882e-02	6.002e-01
HLA-DPB1	9.763e-03	8.591e-01
HLA-DQA1	4.319e-02	4.322e-01
HLA-DQA2	1.303e-01	1.734e-02
HLA-DQB1	-6.344e-02	2.483e-01
HLA-DQB2	9.352e-02	8.838e-02
HLA-DRA	1.420e-01	9.486e-03
HLA-DRB1	-9.011e-02	1.007e-01
HLA-DRB5	-8.424e-02	1.250e-01
HLA-E	-3.425e-02	5.334e-01
HLA-F	-4.110e-02	4.548e-01
HLA-G	2.017e-03	9.708e-01
HNF1A	2.962e-02	5.902e-01
HNF1B	1.869e-02	7.340e-01
HOXB13	-9.956e-02	6.959e-02
HRAS	1.176e-01	3.198e-02
HSD3B1	-1.124e-01	4.046e-02
HSP90AA1	-5.624e-02	3.062e-01
HSPH1	3.070e-02	5.767e-01
IDH1	2.451e-02	6.558e-01
IDH2	1.842e-02	7.378e-01
IDO1	1.460e-01	7.599e-03
IFIT1	1.120e-01	4.116e-02
IFIT2	-6.818e-02	2.146e-01
IFIT3	-1.212e-02	8.256e-01
IFNAR1	9.966e-03	8.562e-01
IFNAR2	-1.080e-01	4.904e-02
IFNGR1	-8.554e-02	1.193e-01
IFNGR2	2.780e-02	6.132e-01
IFNL3	-1.556e-01	4.436e-03
IGF1	-8.458e-02	1.235e-01
IGF1R	-4.463e-02	4.169e-01
IGF2	-5.693e-02	3.003e-01
IKBKE	1.300e-01	1.765e-02
IKZF1	2.357e-01	1.381e-05
IKZF3	-4.227e-02	4.420e-01
IL10RA	-5.615e-03	9.187e-01
IL15	nan	nan
IL2RA	1.703e-02	7.569e-01
IL6R	-1.777e-01	1.129e-03
IL7R	1.623e-01	2.978e-03
ING1	2.324e-01	1.838e-05
INHBA	-1.796e-01	9.985e-04
INPP4A	-1.015e-02	8.537e-01
INPP4B	1.828e-01	8.038e-04
INPPL1	6.385e-02	2.453e-01
INSR	9.688e-03	8.602e-01
IRF1	2.245e-02	6.832e-01
IRF2	-9.671e-02	7.803e-02
IRF4	-1.046e-02	8.492e-01
IRS1	-1.567e-01	4.157e-03
IRS2	2.659e-01	8.508e-07
ITPKB	-1.858e-02	7.356e-01
JAK1	-1.764e-01	1.229e-03
JAK2	-7.840e-02	1.534e-01
JAK3	-1.721e-01	1.615e-03
JUN	1.842e-01	7.289e-04
KAT6A	7.010e-02	2.020e-01
KDM5A	1.275e-01	1.990e-02
KDM5C	-3.967e-02	4.706e-01
KDM6A	1.243e-02	8.213e-01
KDM6B	-9.467e-03	8.633e-01
KDR	-1.111e-01	4.268e-02
KEAP1	-7.296e-02	1.841e-01
KEL	-5.010e-02	3.621e-01
KIF1B	-5.018e-03	9.273e-01
KIT	1.987e-02	7.179e-01
KLF4	1.014e-01	6.468e-02
KLHL6	8.869e-02	1.062e-01
KLLN	2.489e-02	6.509e-01
KMT2A	7.794e-02	1.559e-01
KMT2B	-3.036e-02	5.810e-01
KMT2C	7.273e-02	1.855e-01
KMT2D	3.079e-02	5.755e-01
KRAS	-3.452e-02	5.302e-01
LAG3	-1.608e-01	3.261e-03
LATS1	1.456e-01	7.768e-03
LATS2	5.163e-02	3.476e-01
LDLR	6.124e-02	2.651e-01
LEF1	-2.294e-03	9.667e-01
LMNA	8.908e-02	1.047e-01
LMO1	9.463e-02	8.466e-02
LRP1B	9.862e-02	7.228e-02
LYN	1.495e-03	9.783e-01
LZTR1	-1.248e-03	9.819e-01
MAD2L2	-9.171e-02	9.477e-02
MAF	5.560e-02	3.118e-01
MAFB	-2.215e-01	4.557e-05
MAGI2	-1.963e-01	3.125e-04
MALT1	1.369e-01	1.243e-02
MAP2K1	-3.771e-03	9.453e-01
MAP2K2	-1.637e-01	2.732e-03
MAP2K4	-6.421e-02	2.426e-01
MAP3K1	-1.133e-01	3.875e-02
MAP3K7	-2.453e-02	6.555e-01
MAPK1	1.646e-02	7.647e-01
MAX	-1.512e-01	5.700e-03
MC1R	1.282e-01	1.930e-02
MCL1	-1.407e-01	1.012e-02
MDC1	-1.971e-02	7.200e-01
MDM2	3.155e-02	5.662e-01
MDM4	5.180e-02	3.460e-01
MECOM	-1.771e-01	1.174e-03
MED1	-1.068e-01	5.150e-02
MED12	-9.524e-02	8.269e-02
MEF2B	-5.559e-02	3.118e-01
MEN1	9.019e-02	1.004e-01
MET	-7.518e-02	1.711e-01
MGA	-8.937e-03	8.709e-01
MGMT	-4.384e-02	4.252e-01
MIB1	2.184e-02	6.913e-01
MITF	-3.847e-02	4.842e-01
MKI67	7.637e-02	1.644e-01
MLH1	-2.813e-03	9.592e-01
MLH3	-9.361e-02	8.809e-02
MLLT3	2.841e-02	6.055e-01
MPL	1.962e-01	3.154e-04
MRE11	9.030e-02	9.997e-02
MS4A1	-8.023e-02	1.441e-01
MSH2	-6.737e-02	2.201e-01
MSH3	8.205e-02	1.351e-01
MSH6	8.777e-02	1.099e-01
MST1	8.047e-02	1.428e-01
MST1R	3.385e-02	5.381e-01
MTA1	7.146e-02	1.933e-01
MTAP	-1.660e-01	2.381e-03
MTHFR	3.720e-05	9.995e-01
MTOR	1.512e-01	5.692e-03
MTRR	-2.173e-01	6.380e-05
MUTYH	-1.279e-01	1.959e-02
MYB	-2.153e-01	7.448e-05
MYC	1.929e-01	3.989e-04
MYCL	1.341e-01	1.436e-02
MYCN	-8.344e-02	1.286e-01
MYD88	2.020e-02	7.134e-01
MYH11	-1.007e-01	6.645e-02
MYOD1	5.722e-02	2.979e-01
NBN	-9.614e-02	7.981e-02
NCOA3	-2.716e-01	4.825e-07
NCOR1	1.137e-01	3.808e-02
NCOR2	-3.525e-02	5.215e-01
NEGR1	-2.012e-01	2.196e-04
NF1	-3.115e-02	5.711e-01
NF2	2.796e-02	6.112e-01
NFE2L2	-3.916e-02	4.764e-01
NFKBIA	-6.585e-02	2.307e-01
NHP2	3.650e-02	5.068e-01
NKX2-1	-1.306e-01	1.714e-02
NKX3-1	-1.713e-01	1.700e-03
NOTCH1	-3.126e-02	5.697e-01
NOTCH2	1.425e-01	9.211e-03
NOTCH3	-7.575e-02	1.679e-01
NOTCH4	-3.280e-02	5.508e-01
NPM1	-1.797e-01	9.882e-04
NQO1	1.244e-02	8.211e-01
NRAS	-1.060e-01	5.326e-02
NRG1	1.285e-02	8.153e-01
NRIP1	-1.390e-01	1.112e-02
NSD1	7.363e-03	8.935e-01
NSD2	-1.322e-01	1.577e-02
NT5C2	-2.560e-02	6.416e-01
NTHL1	2.022e-01	2.035e-04
NTRK1	-1.304e-01	1.723e-02
NTRK2	-1.673e-01	2.184e-03
NTRK3	2.060e-01	1.535e-04
NUDT15	-2.871e-02	6.016e-01
NUP93	-1.042e-01	5.747e-02
NUP98	2.001e-01	2.380e-04
P2RY8	-2.014e-01	2.168e-04
PA2G4	-8.508e-02	1.213e-01
PAK1	-1.044e-01	5.703e-02
PAK3	1.471e-01	7.150e-03
PAK5	1.026e-01	6.139e-02
PALB2	-4.382e-02	4.254e-01
PALLD	1.097e-02	8.420e-01
PARK2	1.568e-02	7.756e-01
PARP1	-1.294e-01	1.814e-02
PAX5	1.264e-01	2.105e-02
PAX7	5.175e-02	3.465e-01
PAX8	5.477e-02	3.190e-01
PBRM1	-1.548e-01	4.630e-03
PCBP1	-1.786e-01	1.064e-03
PDCD1	7.136e-02	1.940e-01
PDCD1LG2	9.707e-02	7.692e-02
PDGFRA	-1.599e-01	3.434e-03
PDGFRB	7.946e-02	1.479e-01
PDK1	-1.659e-02	7.629e-01
PDPK1	1.271e-01	2.039e-02
PELP1	1.334e-01	1.489e-02
PGR	1.799e-01	9.785e-04
PHB2	-6.726e-02	2.209e-01
PHF6	9.727e-02	7.630e-02
PHOX2B	3.077e-03	9.554e-01
PIAS4	-1.015e-01	6.421e-02
PIK3C2B	7.227e-02	1.883e-01
PIK3C2G	9.014e-02	1.006e-01
PIK3C3	1.097e-01	4.541e-02
PIK3CA	-2.147e-01	7.850e-05
PIK3CB	8.514e-02	1.210e-01
PIK3CD	4.393e-02	4.243e-01
PIK3CG	4.727e-03	9.315e-01
PIK3R1	-7.473e-02	1.737e-01
PIK3R2	4.174e-02	4.478e-01
PIK3R3	1.748e-01	1.366e-03
PIM1	-7.232e-02	1.880e-01
PLCG2	1.324e-01	1.560e-02
PLK2	-2.241e-02	6.837e-01
PML	1.646e-01	2.593e-03
PMS1	-3.566e-02	5.166e-01
PMS2	-1.959e-01	3.223e-04
PNRC1	-5.674e-03	9.178e-01
POLD1	-6.909e-02	2.086e-01
POLE	-2.691e-02	6.246e-01
POLH	1.110e-01	4.290e-02
POT1	3.113e-02	5.714e-01
POU2F2	-4.359e-02	4.278e-01
PPP1CA	-1.589e-02	7.727e-01
PPP1CB	-1.589e-01	3.653e-03
PPP1CC	-5.678e-02	3.016e-01
PPP1R15A	1.819e-02	7.408e-01
PPP2CA	-8.831e-03	8.725e-01
PPP2CB	9.508e-02	8.320e-02
PPP2R1A	-2.071e-01	1.406e-04
PPP2R1B	8.634e-03	8.753e-01
PPP2R2A	-1.489e-01	6.490e-03
PPP6C	2.506e-02	6.487e-01
PRAME	-7.721e-02	1.598e-01
PRCC	-7.231e-02	1.881e-01
PRDM1	7.068e-02	1.983e-01
PREX2	7.935e-02	1.485e-01
PRF1	-1.565e-01	4.211e-03
PRKAR1A	-8.103e-02	1.401e-01
PRKCI	-8.516e-02	1.209e-01
PRKCZ	7.284e-02	1.849e-01
PRKDC	-2.162e-02	6.943e-01
PRPF40B	-4.885e-02	3.742e-01
PRSS1	1.758e-01	1.274e-03
PRSS2	-2.233e-01	3.922e-05
PRSS8	-1.226e-01	2.528e-02
PTCH1	1.238e-03	9.820e-01
PTCH2	1.239e-01	2.380e-02
PTEN	-1.187e-01	3.030e-02
PTK2	2.577e-02	6.394e-01
PTPN11	-4.841e-02	3.786e-01
PTPN13	-5.105e-02	3.530e-01
PTPN22	2.035e-01	1.847e-04
PTPRD	-7.924e-02	1.490e-01
QKI	-4.288e-02	4.355e-01
RAB35	-3.076e-02	5.760e-01
RAC1	1.527e-01	5.230e-03
RAD21	8.861e-02	1.065e-01
RAD50	1.446e-01	8.214e-03
RAD51	nan	nan
RAD51B	-1.256e-01	2.186e-02
RAD51C	-3.951e-02	4.724e-01
RAD51D	3.819e-03	9.446e-01
RAD52	1.157e-01	3.483e-02
RAD54L	-1.345e-01	1.401e-02
RAF1	7.302e-02	1.838e-01
RANBP2	9.201e-02	9.368e-02
RARA	1.889e-02	7.313e-01
RASA1	1.367e-01	1.255e-02
RB1	3.593e-01	1.389e-11
RBL1	-1.432e-01	8.853e-03
RBL2	-1.415e-01	9.751e-03
RBM10	1.012e-01	6.505e-02
RECQL4	4.705e-02	3.921e-01
REL	-1.397e-02	7.996e-01
RET	5.694e-02	3.002e-01
RHOA	-1.636e-01	2.747e-03
RHPN2	-9.182e-02	9.436e-02
RICTOR	-1.886e-01	5.392e-04
RINT1	-8.477e-02	1.226e-01
RIT1	-1.146e-01	3.664e-02
RNF139	-1.432e-02	7.947e-01
RNF43	7.806e-02	1.553e-01
ROS1	9.868e-02	7.212e-02
RPL5	1.498e-01	6.176e-03
RPS15	5.026e-02	3.606e-01
RPS6KA4	7.285e-02	1.848e-01
RPS6KB1	4.567e-02	4.061e-01
RPS6KB2	-2.678e-02	6.263e-01
RPTOR	5.912e-02	2.820e-01
RSF1	9.514e-02	8.298e-02
RUNX1	8.904e-02	1.048e-01
RUNX1T1	-1.280e-01	1.950e-02
RXRA	-2.756e-02	6.163e-01
SCG5	-1.122e-02	8.383e-01
SDHA	2.009e-01	2.249e-04
SDHAF2	-9.082e-03	8.689e-01
SDHB	1.646e-01	2.587e-03
SDHC	1.471e-01	7.151e-03
SDHD	-4.190e-03	9.393e-01
SEC23B	8.642e-03	8.752e-01
SEMA3C	-9.730e-02	7.622e-02
SETBP1	-1.259e-01	2.156e-02
SETD2	1.203e-01	2.811e-02
SF1	9.411e-02	8.640e-02
SF3B1	-7.644e-02	1.640e-01
SGK1	-8.721e-02	1.122e-01
SH2B3	-1.567e-01	4.154e-03
SH2D1A	-7.902e-02	1.502e-01
SHQ1	1.091e-01	4.658e-02
SKP1	9.058e-02	9.891e-02
SLC26A3	1.018e-02	8.532e-01
SLC47A2	1.559e-01	4.357e-03
SLIT2	-2.371e-03	9.656e-01
SLX4	-1.115e-01	4.204e-02
SMAD2	-2.336e-01	1.653e-05
SMAD3	-1.853e-01	6.765e-04
SMAD4	-4.058e-02	4.605e-01
SMARCA1	6.929e-02	2.073e-01
SMARCA4	7.813e-02	1.548e-01
SMARCB1	8.460e-03	8.778e-01
SMARCE1	-1.671e-02	7.613e-01
SMC1A	6.640e-02	2.269e-01
SMC3	8.448e-02	1.239e-01
SMO	-9.264e-02	9.144e-02
SNCAIP	-3.303e-02	5.481e-01
SOCS1	-9.968e-02	6.926e-02
SOD2	7.941e-03	8.852e-01
SOX10	-1.096e-01	4.559e-02
SOX17	-4.337e-03	9.372e-01
SOX2	-1.095e-01	4.588e-02
SOX9	3.241e-02	5.557e-01
SPEN	2.931e-02	5.941e-01
SPINK1	nan	nan
SPOP	-3.010e-02	5.841e-01
SPRED1	-8.749e-02	1.110e-01
SPTA1	-8.271e-02	1.320e-01
SQSTM1	6.399e-03	9.074e-01
SRC	-2.232e-01	3.963e-05
SRSF2	1.097e-02	8.419e-01
STAG1	1.479e-01	6.840e-03
STAG2	-1.574e-01	3.994e-03
STAT3	-5.343e-02	3.311e-01
STAT4	5.908e-02	2.824e-01
STAT5A	-7.029e-02	2.007e-01
STAT5B	1.354e-01	1.338e-02
STAT6	3.115e-02	5.710e-01
STK11	4.974e-02	3.655e-01
SUFU	-8.279e-02	1.317e-01
SUZ12	3.838e-02	4.852e-01
SYK	5.028e-02	3.604e-01
TAF1	-2.143e-01	8.088e-05
TANC1	3.220e-02	5.582e-01
TAP1	6.852e-02	2.124e-01
TAP2	6.402e-02	2.440e-01
TBC1D12	9.625e-02	7.944e-02
TBL1XR1	-4.391e-02	4.245e-01
TBX3	-1.011e-01	6.542e-02
TCF3	-1.021e-01	6.272e-02
TCF7L2	-8.267e-03	8.805e-01
TCL1A	8.654e-02	1.150e-01
TERT	2.606e-01	1.426e-06
TET1	-5.859e-02	2.864e-01
TET2	-1.516e-01	5.584e-03
TFDP1	-1.499e-01	6.135e-03
TFF1	4.640e-02	3.987e-01
TGFBR1	-1.180e-01	3.129e-02
TGFBR2	5.543e-02	3.132e-01
TIGIT	-5.684e-03	9.177e-01
TLR4	1.561e-01	4.288e-03
TMEM127	-1.125e-01	4.016e-02
TMEM173	-1.573e-03	9.772e-01
TMPRSS2	-1.232e-01	2.453e-02
TNF	4.251e-02	4.394e-01
TNFAIP3	-2.140e-02	6.972e-01
TNFRSF14	-7.827e-02	1.541e-01
TNFRSF17	1.216e-01	2.645e-02
TNFRSF9	-3.642e-02	5.077e-01
TOP1	1.953e-01	3.367e-04
TOP2A	-5.354e-02	3.300e-01
TP53	-2.543e-01	2.586e-06
TP63	8.969e-02	1.023e-01
TPM1	-3.437e-02	5.320e-01
TPMT	3.784e-02	4.913e-01
TPRX1	3.824e-02	4.867e-01
TRAF2	-3.333e-02	5.444e-01
TRAF3	-1.235e-01	2.423e-02
TRAF7	5.436e-02	3.226e-01
TSC1	-9.393e-03	8.644e-01
TSC2	3.174e-02	5.638e-01
TSHR	-1.491e-02	7.864e-01
TUSC3	-7.086e-03	8.975e-01
TYMS	-1.299e-01	1.775e-02
U2AF1	5.640e-05	9.992e-01
UBE2T	1.279e-01	1.956e-02
UMPS	6.498e-02	2.370e-01
UPF1	3.907e-02	4.774e-01
VEGFA	1.944e-02	7.238e-01
VHL	6.550e-02	2.332e-01
VSIR	-1.282e-01	1.930e-02
WEE1	1.462e-01	7.514e-03
WISP3	-4.316e-02	4.325e-01
WNT7A	9.966e-03	8.562e-01
WRN	8.385e-02	1.268e-01
WT1	8.489e-02	1.221e-01
XPA	7.491e-02	1.726e-01
XPC	-1.745e-01	1.390e-03
XPO1	1.139e-01	3.772e-02
XRCC1	-1.018e-01	6.351e-02
XRCC2	8.209e-03	8.814e-01
XRCC3	1.515e-01	5.591e-03
YAP1	-1.347e-01	1.389e-02
YEATS4	-3.243e-02	5.554e-01
ZBTB2	-4.937e-02	3.691e-01
ZFHX3	1.542e-01	4.805e-03
ZNF217	2.833e-01	1.458e-07
ZNF471	-8.012e-02	1.446e-01
ZNF620	1.630e-01	2.849e-03
ZNF703	-5.623e-02	3.063e-01
ZNF750	-4.115e-02	4.543e-01
ZNRF3	-1.573e-02	7.749e-01
ZRSR2	1.599e-01	3.427e-03
